2026-01-26T11:08:10.105+05:30  INFO 18988 --- [order-service] [main] [                                                 ] c.e.order.OrderServiceApplication        : Starting OrderServiceApplication using Java 17.0.10 with PID 18988 (D:\Essential\workspace\ecom-microservice\order-service\target\classes started by user in D:\Essential\workspace\ecom-microservice)
2026-01-26T11:08:10.118+05:30  INFO 18988 --- [order-service] [main] [                                                 ] c.e.order.OrderServiceApplication        : No active profile set, falling back to 1 default profile: "default"
2026-01-26T11:08:10.206+05:30  INFO 18988 --- [order-service] [main] [                                                 ] o.s.c.c.c.ConfigServerConfigDataLoader   : Fetching config from server at : http://localhost:8888
2026-01-26T11:08:10.238+05:30  INFO 18988 --- [order-service] [main] [                                                 ] o.s.c.c.c.ConfigServerConfigDataLoader   : Located environment: name=order-service, profiles=[default], label=null, version=null, state=null
2026-01-26T11:08:12.031+05:30  INFO 18988 --- [order-service] [main] [                                                 ] .s.d.r.c.RepositoryConfigurationDelegate : Bootstrapping Spring Data JPA repositories in DEFAULT mode.
2026-01-26T11:08:12.260+05:30  INFO 18988 --- [order-service] [main] [                                                 ] .s.d.r.c.RepositoryConfigurationDelegate : Finished Spring Data repository scanning in 213 ms. Found 2 JPA repository interfaces.
2026-01-26T11:08:12.942+05:30  INFO 18988 --- [order-service] [main] [                                                 ] faultConfiguringBeanFactoryPostProcessor : No bean named 'errorChannel' has been explicitly defined. Therefore, a default PublishSubscribeChannel will be created.
2026-01-26T11:08:12.956+05:30  INFO 18988 --- [order-service] [main] [                                                 ] faultConfiguringBeanFactoryPostProcessor : No bean named 'integrationHeaderChannelRegistry' has been explicitly defined. Therefore, a default DefaultHeaderChannelRegistry will be created.
2026-01-26T11:08:13.124+05:30  INFO 18988 --- [order-service] [main] [                                                 ] o.s.cloud.context.scope.GenericScope     : BeanFactory id=a906a047-f8b6-3d9c-b420-57476157557d
2026-01-26T11:08:13.883+05:30  INFO 18988 --- [order-service] [main] [                                                 ] o.s.boot.tomcat.TomcatWebServer          : Tomcat initialized with port 8083 (http)
2026-01-26T11:08:13.902+05:30  INFO 18988 --- [order-service] [main] [                                                 ] o.apache.catalina.core.StandardService   : Starting service [Tomcat]
2026-01-26T11:08:13.912+05:30  INFO 18988 --- [order-service] [main] [                                                 ] o.apache.catalina.core.StandardEngine    : Starting Servlet engine: [Apache Tomcat/11.0.15]
2026-01-26T11:08:14.025+05:30  INFO 18988 --- [order-service] [main] [                                                 ] b.w.c.s.WebApplicationContextInitializer : Root WebApplicationContext: initialization completed in 3783 ms
2026-01-26T11:08:14.952+05:30  INFO 18988 --- [order-service] [main] [                                                 ] org.hibernate.orm.jpa                    : HHH008540: Processing PersistenceUnitInfo [name: default]
2026-01-26T11:08:15.103+05:30  INFO 18988 --- [order-service] [main] [                                                 ] org.hibernate.orm.core                   : HHH000001: Hibernate ORM core version 7.2.0.Final
2026-01-26T11:08:15.957+05:30  INFO 18988 --- [order-service] [main] [                                                 ] o.s.o.j.p.SpringPersistenceUnitInfo      : No LoadTimeWeaver setup: ignoring JPA class transformer
2026-01-26T11:08:15.993+05:30  INFO 18988 --- [order-service] [main] [                                                 ] com.zaxxer.hikari.HikariDataSource       : HikariPool-1 - Starting...
2026-01-26T11:08:16.212+05:30  INFO 18988 --- [order-service] [main] [                                                 ] com.zaxxer.hikari.pool.HikariPool        : HikariPool-1 - Added connection org.postgresql.jdbc.PgConnection@4e7e7763
2026-01-26T11:08:16.214+05:30  INFO 18988 --- [order-service] [main] [                                                 ] com.zaxxer.hikari.HikariDataSource       : HikariPool-1 - Start completed.
2026-01-26T11:08:16.296+05:30  WARN 18988 --- [order-service] [main] [                                                 ] org.hibernate.orm.deprecation            : HHH90000025: PostgreSQLDialect does not need to be specified explicitly using 'hibernate.dialect' (remove the property setting and it will be selected by default)
2026-01-26T11:08:16.396+05:30  INFO 18988 --- [order-service] [main] [                                                 ] org.hibernate.orm.connections.pooling    : HHH10001005: Database info:
	Database JDBC URL [jdbc:postgresql://localhost:5432/orderdb?currentSchema=public&TimeZone=Asia/Kolkata]
	Database driver: PostgreSQL JDBC Driver
	Database dialect: PostgreSQLDialect
	Database version: 14.20
	Default catalog/schema: orderdb/public
	Autocommit mode: undefined/unknown
	Isolation level: READ_COMMITTED [default READ_COMMITTED]
	JDBC fetch size: none
	Pool: DataSourceConnectionProvider
	Minimum pool size: undefined/unknown
	Maximum pool size: undefined/unknown
2026-01-26T11:08:17.696+05:30  INFO 18988 --- [order-service] [main] [                                                 ] org.hibernate.orm.core                   : HHH000182: No default (no-argument) constructor for class [com.ecommerce.order.entity.OrderItem] (class must be instantiated by Interceptor)
2026-01-26T11:08:17.959+05:30  INFO 18988 --- [order-service] [main] [                                                 ] org.hibernate.orm.core                   : HHH000489: No JTA platform available (set 'hibernate.transaction.jta.platform' to enable JTA platform integration)
2026-01-26T11:08:18.193+05:30  INFO 18988 --- [order-service] [main] [                                                 ] j.LocalContainerEntityManagerFactoryBean : Initialized JPA EntityManagerFactory for persistence unit 'default'
2026-01-26T11:08:18.397+05:30  INFO 18988 --- [order-service] [main] [                                                 ] o.s.d.j.r.query.QueryEnhancerFactories   : Hibernate is in classpath; If applicable, HQL parser will be used.
2026-01-26T11:08:19.172+05:30  WARN 18988 --- [order-service] [main] [                                                 ] JpaBaseConfiguration$JpaWebConfiguration : spring.jpa.open-in-view is enabled by default. Therefore, database queries may be performed during view rendering. Explicitly configure spring.jpa.open-in-view to disable this warning
2026-01-26T11:08:20.135+05:30  INFO 18988 --- [order-service] [main] [                                                 ] o.s.c.s.m.DirectWithAttributesChannel    : Channel 'order-service.springCloudBusInput' has 1 subscriber(s).
2026-01-26T11:08:21.935+05:30  INFO 18988 --- [order-service] [main] [                                                 ] DiscoveryClientOptionalArgsConfiguration : Eureka HTTP Client uses RestClient.
2026-01-26T11:08:22.040+05:30  WARN 18988 --- [order-service] [main] [                                                 ] iguration$LoadBalancerCaffeineWarnLogger : Spring Cloud LoadBalancer is currently working with the default cache. While this cache implementation is useful for development and tests, it's recommended to use Caffeine cache in production.You can switch to using Caffeine cache, by adding it and org.springframework.cache.caffeine.CaffeineCacheManager to the classpath.
2026-01-26T11:08:22.057+05:30  INFO 18988 --- [order-service] [main] [                                                 ] o.s.b.a.e.web.EndpointLinksResolver      : Exposing 25 endpoints beneath base path '/actuator'
2026-01-26T11:08:22.325+05:30  INFO 18988 --- [order-service] [main] [                                                 ] o.s.i.endpoint.EventDrivenConsumer       : Adding {logging-channel-adapter:_org.springframework.integration.errorLogger} as a subscriber to the 'errorChannel' channel
2026-01-26T11:08:22.326+05:30  INFO 18988 --- [order-service] [main] [                                                 ] o.s.i.channel.PublishSubscribeChannel    : Channel 'order-service.errorChannel' has 1 subscriber(s).
2026-01-26T11:08:22.327+05:30  INFO 18988 --- [order-service] [main] [                                                 ] o.s.i.endpoint.EventDrivenConsumer       : started bean '_org.springframework.integration.errorLogger'
2026-01-26T11:08:22.375+05:30  INFO 18988 --- [order-service] [main] [                                                 ] o.s.c.n.eureka.InstanceInfoFactory       : Setting initial instance status as: STARTING
2026-01-26T11:08:22.484+05:30  INFO 18988 --- [order-service] [main] [                                                 ] com.netflix.discovery.DiscoveryClient    : Initializing Eureka in region us-east-1
2026-01-26T11:08:22.506+05:30  INFO 18988 --- [order-service] [main] [                                                 ] c.n.d.s.r.aws.ConfigClusterResolver      : Resolving eureka endpoints via configuration
2026-01-26T11:08:22.546+05:30  INFO 18988 --- [order-service] [main] [                                                 ] com.netflix.discovery.DiscoveryClient    : Disable delta property : false
2026-01-26T11:08:22.546+05:30  INFO 18988 --- [order-service] [main] [                                                 ] com.netflix.discovery.DiscoveryClient    : Single vip registry refresh property : null
2026-01-26T11:08:22.547+05:30  INFO 18988 --- [order-service] [main] [                                                 ] com.netflix.discovery.DiscoveryClient    : Force full registry fetch : false
2026-01-26T11:08:22.547+05:30  INFO 18988 --- [order-service] [main] [                                                 ] com.netflix.discovery.DiscoveryClient    : Application is null : false
2026-01-26T11:08:22.547+05:30  INFO 18988 --- [order-service] [main] [                                                 ] com.netflix.discovery.DiscoveryClient    : Registered Applications size is zero : true
2026-01-26T11:08:22.548+05:30  INFO 18988 --- [order-service] [main] [                                                 ] com.netflix.discovery.DiscoveryClient    : Application version is -1: true
2026-01-26T11:08:22.548+05:30  INFO 18988 --- [order-service] [main] [                                                 ] com.netflix.discovery.DiscoveryClient    : Getting all instance registry info from the eureka server
2026-01-26T11:08:22.892+05:30  INFO 18988 --- [order-service] [main] [                                                 ] com.netflix.discovery.DiscoveryClient    : The response status is 200
2026-01-26T11:08:22.895+05:30  INFO 18988 --- [order-service] [main] [                                                 ] com.netflix.discovery.DiscoveryClient    : Starting heartbeat executor: renew interval is: 30
2026-01-26T11:08:22.898+05:30  INFO 18988 --- [order-service] [main] [                                                 ] c.n.discovery.InstanceInfoReplicator     : InstanceInfoReplicator onDemand update allowed rate per min is 4
2026-01-26T11:08:22.900+05:30  INFO 18988 --- [order-service] [main] [                                                 ] com.netflix.discovery.DiscoveryClient    : Discovery Client initialized at timestamp 1769405902900 with initial instances count: 2
2026-01-26T11:08:22.905+05:30  INFO 18988 --- [order-service] [main] [                                                 ] o.s.c.n.e.s.EurekaServiceRegistry        : Registering application ORDER-SERVICE with eureka with status UP
2026-01-26T11:08:22.906+05:30  INFO 18988 --- [order-service] [main] [                                                 ] com.netflix.discovery.DiscoveryClient    : Saw local status change event StatusChangeEvent [timestamp=1769405902906, current=UP, previous=STARTING]
2026-01-26T11:08:22.909+05:30  INFO 18988 --- [order-service] [DiscoveryClient-InstanceInfoReplicator-%d] [                                                 ] com.netflix.discovery.DiscoveryClient    : DiscoveryClient_ORDER-SERVICE/Bhargav:order-service:8083: registering service...
2026-01-26T11:08:22.910+05:30  INFO 18988 --- [order-service] [main] [                                                 ] o.s.c.s.binder.DefaultBinderFactory      : Creating binder: rabbit
2026-01-26T11:08:22.910+05:30  INFO 18988 --- [order-service] [main] [                                                 ] o.s.c.s.binder.DefaultBinderFactory      : Constructing binder child context for rabbit
2026-01-26T11:08:22.992+05:30  INFO 18988 --- [order-service] [DiscoveryClient-InstanceInfoReplicator-%d] [                                                 ] com.netflix.discovery.DiscoveryClient    : DiscoveryClient_ORDER-SERVICE/Bhargav:order-service:8083 - registration status: 204
2026-01-26T11:08:23.073+05:30  INFO 18988 --- [order-service] [main] [                                                 ] o.s.c.s.binder.DefaultBinderFactory      : Caching the binder: rabbit
2026-01-26T11:08:23.093+05:30  INFO 18988 --- [order-service] [main] [                                                 ] c.s.b.r.p.RabbitExchangeQueueProvisioner : declaring queue for inbound: springCloudBus.anonymous.yFin4HPFTtqtMWl5C1nRjQ, bound to: springCloudBus
2026-01-26T11:08:23.109+05:30  INFO 18988 --- [order-service] [main] [                                                 ] o.s.a.r.c.CachingConnectionFactory       : Attempting to connect to: [localhost:5672]
2026-01-26T11:08:23.274+05:30  INFO 18988 --- [order-service] [main] [                                                 ] o.s.a.r.c.CachingConnectionFactory       : Created new connection: rabbitConnectionFactory#28ab3c60:0/SimpleConnection@fcdad9a [delegate=amqp://guest@127.0.0.1:5672/, localPort=52670]
2026-01-26T11:08:23.415+05:30  INFO 18988 --- [order-service] [main] [                                                 ] o.s.c.stream.binder.BinderErrorChannel   : Channel 'rabbit-1826462235.springCloudBusInput.errors' has 1 subscriber(s).
2026-01-26T11:08:23.417+05:30  INFO 18988 --- [order-service] [main] [                                                 ] o.s.c.stream.binder.BinderErrorChannel   : Channel 'rabbit-1826462235.springCloudBusInput.errors' has 2 subscriber(s).
2026-01-26T11:08:23.458+05:30  INFO 18988 --- [order-service] [main] [                                                 ] o.s.i.a.i.AmqpInboundChannelAdapter      : started bean 'inbound.springCloudBus.anonymous.yFin4HPFTtqtMWl5C1nRjQ'
2026-01-26T11:08:23.498+05:30  INFO 18988 --- [order-service] [main] [                                                 ] o.s.boot.tomcat.TomcatWebServer          : Tomcat started on port 8083 (http) with context path '/'
2026-01-26T11:08:23.501+05:30  INFO 18988 --- [order-service] [main] [                                                 ] .s.c.n.e.s.EurekaAutoServiceRegistration : Updating port to 8083
2026-01-26T11:08:23.784+05:30  INFO 18988 --- [order-service] [http-nio-8083-exec-1] [                                                 ] o.a.c.c.C.[Tomcat].[localhost].[/]       : Initializing Spring DispatcherServlet 'dispatcherServlet'
2026-01-26T11:08:23.785+05:30  INFO 18988 --- [order-service] [http-nio-8083-exec-1] [                                                 ] o.s.web.servlet.DispatcherServlet        : Initializing Servlet 'dispatcherServlet'
2026-01-26T11:08:23.790+05:30  INFO 18988 --- [order-service] [http-nio-8083-exec-1] [                                                 ] o.s.web.servlet.DispatcherServlet        : Completed initialization in 5 ms
2026-01-26T11:08:24.039+05:30  INFO 18988 --- [order-service] [main] [                                                 ] c.e.order.OrderServiceApplication        : Started OrderServiceApplication in 15.391 seconds (process running for 16.562)
2026-01-26T11:13:22.553+05:30  INFO 18988 --- [order-service] [AsyncResolver-bootstrap-executor-%d] [                                                 ] c.n.d.s.r.aws.ConfigClusterResolver      : Resolving eureka endpoints via configuration
