2026-01-26T11:07:02.368+05:30  INFO 12452 --- [user-service] [main] [                                                 ] com.ecommerce.user.UserApplication       : Starting UserApplication using Java 17.0.10 with PID 12452 (D:\Essential\workspace\ecom-microservice\user-service\target\classes started by user in D:\Essential\workspace\ecom-microservice)
2026-01-26T11:07:02.374+05:30  INFO 12452 --- [user-service] [main] [                                                 ] com.ecommerce.user.UserApplication       : No active profile set, falling back to 1 default profile: "default"
2026-01-26T11:07:02.481+05:30  INFO 12452 --- [user-service] [main] [                                                 ] o.s.c.c.c.ConfigServerConfigDataLoader   : Fetching config from server at : http://localhost:8888
2026-01-26T11:07:02.485+05:30  INFO 12452 --- [user-service] [main] [                                                 ] o.s.c.c.c.ConfigServerConfigDataLoader   : Located environment: name=user-service, profiles=[default], label=null, version=null, state=null
2026-01-26T11:07:04.284+05:30  INFO 12452 --- [user-service] [main] [                                                 ] .s.d.r.c.RepositoryConfigurationDelegate : Bootstrapping Spring Data MongoDB repositories in DEFAULT mode.
2026-01-26T11:07:04.484+05:30  INFO 12452 --- [user-service] [main] [                                                 ] .s.d.r.c.RepositoryConfigurationDelegate : Finished Spring Data repository scanning in 186 ms. Found 1 MongoDB repository interface.
2026-01-26T11:07:05.235+05:30  INFO 12452 --- [user-service] [main] [                                                 ] faultConfiguringBeanFactoryPostProcessor : No bean named 'errorChannel' has been explicitly defined. Therefore, a default PublishSubscribeChannel will be created.
2026-01-26T11:07:05.245+05:30  INFO 12452 --- [user-service] [main] [                                                 ] faultConfiguringBeanFactoryPostProcessor : No bean named 'integrationHeaderChannelRegistry' has been explicitly defined. Therefore, a default DefaultHeaderChannelRegistry will be created.
2026-01-26T11:07:05.321+05:30  INFO 12452 --- [user-service] [main] [                                                 ] o.s.cloud.context.scope.GenericScope     : BeanFactory id=cad60608-032d-3fa4-9366-a59f2e52acdb
2026-01-26T11:07:06.045+05:30  INFO 12452 --- [user-service] [main] [                                                 ] o.s.boot.tomcat.TomcatWebServer          : Tomcat initialized with port 8082 (http)
2026-01-26T11:07:06.066+05:30  INFO 12452 --- [user-service] [main] [                                                 ] o.apache.catalina.core.StandardService   : Starting service [Tomcat]
2026-01-26T11:07:06.067+05:30  INFO 12452 --- [user-service] [main] [                                                 ] o.apache.catalina.core.StandardEngine    : Starting Servlet engine: [Apache Tomcat/11.0.15]
2026-01-26T11:07:06.162+05:30  INFO 12452 --- [user-service] [main] [                                                 ] b.w.c.s.WebApplicationContextInitializer : Root WebApplicationContext: initialization completed in 3665 ms
2026-01-26T11:07:07.532+05:30  INFO 12452 --- [user-service] [main] [                                                 ] org.mongodb.driver.client                : MongoClient with metadata {"driver": {"name": "mongo-java-driver|spring-boot|sync", "version": "5.6.2"}, "os": {"type": "Windows", "name": "Windows 11", "architecture": "amd64", "version": "10.0"}, "platform": "Java/Oracle Corporation/17.0.10+11-LTS-240"} created with settings MongoClientSettings{readPreference=primary, writeConcern=WriteConcern{w=null, wTimeout=null ms, journal=null}, retryWrites=true, retryReads=true, readConcern=ReadConcern{level=null}, credential=null, transportSettings=null, commandListeners=[io.micrometer.core.instrument.binder.mongodb.MongoMetricsCommandListener@2a9ea03f], codecRegistry=ProvidersCodecRegistry{codecProviders=[ValueCodecProvider{}, BsonValueCodecProvider{}, DBRefCodecProvider{}, DBObjectCodecProvider{}, DocumentCodecProvider{}, CollectionCodecProvider{}, IterableCodecProvider{}, MapCodecProvider{}, GeoJsonCodecProvider{}, GridFSFileCodecProvider{}, Jsr310CodecProvider{}, JsonObjectCodecProvider{}, BsonCodecProvider{}, com.mongodb.client.model.mql.ExpressionCodecProvider@1231f25c, com.mongodb.Jep395RecordCodecProvider@2ba0b95f, com.mongodb.KotlinCodecProvider@3dc7c5fd, EnumCodecProvider{}]}, loggerSettings=LoggerSettings{maxDocumentLength=1000}, clusterSettings={hosts=[localhost:27017], srvServiceName=mongodb, mode=SINGLE, requiredClusterType=UNKNOWN, requiredReplicaSetName='null', serverSelector='null', clusterListeners='[]', serverSelectionTimeout='30000 ms', localThreshold='15 ms'}, socketSettings=SocketSettings{connectTimeoutMS=10000, readTimeoutMS=0, receiveBufferSize=0, proxySettings=ProxySettings{host=null, port=null, username=null, password=null}}, heartbeatSocketSettings=SocketSettings{connectTimeoutMS=10000, readTimeoutMS=10000, receiveBufferSize=0, proxySettings=ProxySettings{host=null, port=null, username=null, password=null}}, connectionPoolSettings=ConnectionPoolSettings{maxSize=100, minSize=0, maxWaitTimeMS=120000, maxConnectionLifeTimeMS=0, maxConnectionIdleTimeMS=0, maintenanceInitialDelayMS=0, maintenanceFrequencyMS=60000, connectionPoolListeners=[io.micrometer.core.instrument.binder.mongodb.MongoMetricsConnectionPoolListener@62871522], maxConnecting=2}, serverSettings=ServerSettings{heartbeatFrequencyMS=10000, minHeartbeatFrequencyMS=500, serverMonitoringMode=AUTO, serverListeners='[]', serverMonitorListeners='[]'}, sslSettings=SslSettings{enabled=false, invalidHostNameAllowed=false, context=null}, applicationName='null', compressorList=[], uuidRepresentation=UNSPECIFIED, serverApi=null, autoEncryptionSettings=null, dnsClient=null, inetAddressResolver=null, contextProvider=null, timeoutMS=null}
2026-01-26T11:07:07.558+05:30  INFO 12452 --- [user-service] [cluster-ClusterId{value='6976fd832ff62eb7b39fd12c', description='null'}-localhost:27017] [                                                 ] org.mongodb.driver.cluster               : Monitor thread successfully connected to server with description ServerDescription{address=localhost:27017, type=STANDALONE, cryptd=false, state=CONNECTED, ok=true, minWireVersion=0, maxWireVersion=27, maxDocumentSize=16777216, logicalSessionTimeoutMinutes=30, roundTripTimeNanos=37865300, minRoundTripTimeNanos=0}
2026-01-26T11:07:09.157+05:30  INFO 12452 --- [user-service] [main] [                                                 ] o.s.c.s.m.DirectWithAttributesChannel    : Channel 'user-service.springCloudBusInput' has 1 subscriber(s).
2026-01-26T11:07:10.241+05:30  INFO 12452 --- [user-service] [main] [                                                 ] DiscoveryClientOptionalArgsConfiguration : Eureka HTTP Client uses RestClient.
2026-01-26T11:07:10.305+05:30  WARN 12452 --- [user-service] [main] [                                                 ] iguration$LoadBalancerCaffeineWarnLogger : Spring Cloud LoadBalancer is currently working with the default cache. While this cache implementation is useful for development and tests, it's recommended to use Caffeine cache in production.You can switch to using Caffeine cache, by adding it and org.springframework.cache.caffeine.CaffeineCacheManager to the classpath.
2026-01-26T11:07:10.313+05:30  INFO 12452 --- [user-service] [main] [                                                 ] o.s.b.a.e.web.EndpointLinksResolver      : Exposing 25 endpoints beneath base path '/actuator'
2026-01-26T11:07:10.450+05:30  INFO 12452 --- [user-service] [main] [                                                 ] o.s.i.endpoint.EventDrivenConsumer       : Adding {logging-channel-adapter:_org.springframework.integration.errorLogger} as a subscriber to the 'errorChannel' channel
2026-01-26T11:07:10.450+05:30  INFO 12452 --- [user-service] [main] [                                                 ] o.s.i.channel.PublishSubscribeChannel    : Channel 'user-service.errorChannel' has 1 subscriber(s).
2026-01-26T11:07:10.451+05:30  INFO 12452 --- [user-service] [main] [                                                 ] o.s.i.endpoint.EventDrivenConsumer       : started bean '_org.springframework.integration.errorLogger'
2026-01-26T11:07:10.476+05:30  INFO 12452 --- [user-service] [main] [                                                 ] o.s.c.n.eureka.InstanceInfoFactory       : Setting initial instance status as: STARTING
2026-01-26T11:07:10.505+05:30  INFO 12452 --- [user-service] [main] [                                                 ] com.netflix.discovery.DiscoveryClient    : Initializing Eureka in region us-east-1
2026-01-26T11:07:10.511+05:30  INFO 12452 --- [user-service] [main] [                                                 ] c.n.d.s.r.aws.ConfigClusterResolver      : Resolving eureka endpoints via configuration
2026-01-26T11:07:10.554+05:30  INFO 12452 --- [user-service] [main] [                                                 ] com.netflix.discovery.DiscoveryClient    : Disable delta property : false
2026-01-26T11:07:10.555+05:30  INFO 12452 --- [user-service] [main] [                                                 ] com.netflix.discovery.DiscoveryClient    : Single vip registry refresh property : null
2026-01-26T11:07:10.555+05:30  INFO 12452 --- [user-service] [main] [                                                 ] com.netflix.discovery.DiscoveryClient    : Force full registry fetch : false
2026-01-26T11:07:10.555+05:30  INFO 12452 --- [user-service] [main] [                                                 ] com.netflix.discovery.DiscoveryClient    : Application is null : false
2026-01-26T11:07:10.555+05:30  INFO 12452 --- [user-service] [main] [                                                 ] com.netflix.discovery.DiscoveryClient    : Registered Applications size is zero : true
2026-01-26T11:07:10.555+05:30  INFO 12452 --- [user-service] [main] [                                                 ] com.netflix.discovery.DiscoveryClient    : Application version is -1: true
2026-01-26T11:07:10.555+05:30  INFO 12452 --- [user-service] [main] [                                                 ] com.netflix.discovery.DiscoveryClient    : Getting all instance registry info from the eureka server
2026-01-26T11:07:10.997+05:30  INFO 12452 --- [user-service] [main] [                                                 ] com.netflix.discovery.DiscoveryClient    : The response status is 200
2026-01-26T11:07:10.999+05:30  INFO 12452 --- [user-service] [main] [                                                 ] com.netflix.discovery.DiscoveryClient    : Starting heartbeat executor: renew interval is: 30
2026-01-26T11:07:11.002+05:30  INFO 12452 --- [user-service] [main] [                                                 ] c.n.discovery.InstanceInfoReplicator     : InstanceInfoReplicator onDemand update allowed rate per min is 4
2026-01-26T11:07:11.002+05:30  INFO 12452 --- [user-service] [main] [                                                 ] com.netflix.discovery.DiscoveryClient    : Discovery Client initialized at timestamp 1769405831002 with initial instances count: 0
2026-01-26T11:07:11.005+05:30  INFO 12452 --- [user-service] [main] [                                                 ] o.s.c.n.e.s.EurekaServiceRegistry        : Registering application USER-SERVICE with eureka with status UP
2026-01-26T11:07:11.007+05:30  INFO 12452 --- [user-service] [main] [                                                 ] com.netflix.discovery.DiscoveryClient    : Saw local status change event StatusChangeEvent [timestamp=1769405831007, current=UP, previous=STARTING]
2026-01-26T11:07:11.010+05:30  INFO 12452 --- [user-service] [DiscoveryClient-InstanceInfoReplicator-%d] [                                                 ] com.netflix.discovery.DiscoveryClient    : DiscoveryClient_USER-SERVICE/Bhargav:user-service:8082: registering service...
2026-01-26T11:07:11.013+05:30  INFO 12452 --- [user-service] [main] [                                                 ] o.s.c.s.binder.DefaultBinderFactory      : Creating binder: rabbit
2026-01-26T11:07:11.013+05:30  INFO 12452 --- [user-service] [main] [                                                 ] o.s.c.s.binder.DefaultBinderFactory      : Constructing binder child context for rabbit
2026-01-26T11:07:11.295+05:30  INFO 12452 --- [user-service] [main] [                                                 ] o.s.c.s.binder.DefaultBinderFactory      : Caching the binder: rabbit
2026-01-26T11:07:11.302+05:30  INFO 12452 --- [user-service] [DiscoveryClient-InstanceInfoReplicator-%d] [                                                 ] com.netflix.discovery.DiscoveryClient    : DiscoveryClient_USER-SERVICE/Bhargav:user-service:8082 - registration status: 204
2026-01-26T11:07:11.313+05:30  INFO 12452 --- [user-service] [main] [                                                 ] c.s.b.r.p.RabbitExchangeQueueProvisioner : declaring queue for inbound: springCloudBus.anonymous.pt4JC1AtT2ykPfSh7AEfrA, bound to: springCloudBus
2026-01-26T11:07:11.322+05:30  INFO 12452 --- [user-service] [main] [                                                 ] o.s.a.r.c.CachingConnectionFactory       : Attempting to connect to: [localhost:5672]
2026-01-26T11:07:11.415+05:30  INFO 12452 --- [user-service] [main] [                                                 ] o.s.a.r.c.CachingConnectionFactory       : Created new connection: rabbitConnectionFactory#7695184b:0/SimpleConnection@37c5a3c7 [delegate=amqp://guest@127.0.0.1:5672/, localPort=54620]
2026-01-26T11:07:11.511+05:30  INFO 12452 --- [user-service] [main] [                                                 ] o.s.c.stream.binder.BinderErrorChannel   : Channel 'rabbit-1050915341.springCloudBusInput.errors' has 1 subscriber(s).
2026-01-26T11:07:11.512+05:30  INFO 12452 --- [user-service] [main] [                                                 ] o.s.c.stream.binder.BinderErrorChannel   : Channel 'rabbit-1050915341.springCloudBusInput.errors' has 2 subscriber(s).
2026-01-26T11:07:11.562+05:30  INFO 12452 --- [user-service] [main] [                                                 ] o.s.i.a.i.AmqpInboundChannelAdapter      : started bean 'inbound.springCloudBus.anonymous.pt4JC1AtT2ykPfSh7AEfrA'
2026-01-26T11:07:11.583+05:30  INFO 12452 --- [user-service] [main] [                                                 ] o.s.boot.tomcat.TomcatWebServer          : Tomcat started on port 8082 (http) with context path '/'
2026-01-26T11:07:11.585+05:30  INFO 12452 --- [user-service] [main] [                                                 ] .s.c.n.e.s.EurekaAutoServiceRegistration : Updating port to 8082
2026-01-26T11:07:11.932+05:30  INFO 12452 --- [user-service] [main] [                                                 ] com.ecommerce.user.UserApplication       : Started UserApplication in 11.509 seconds (process running for 12.682)
2026-01-26T11:07:12.382+05:30  INFO 12452 --- [user-service] [http-nio-8082-exec-1] [                                                 ] o.a.c.c.C.[Tomcat].[localhost].[/]       : Initializing Spring DispatcherServlet 'dispatcherServlet'
2026-01-26T11:07:12.382+05:30  INFO 12452 --- [user-service] [http-nio-8082-exec-1] [                                                 ] o.s.web.servlet.DispatcherServlet        : Initializing Servlet 'dispatcherServlet'
2026-01-26T11:07:12.384+05:30  INFO 12452 --- [user-service] [http-nio-8082-exec-1] [                                                 ] o.s.web.servlet.DispatcherServlet        : Completed initialization in 2 ms
2026-01-26T11:07:41.015+05:30  INFO 12452 --- [user-service] [DiscoveryClient-CacheRefreshExecutor-%d] [                                                 ] com.netflix.discovery.DiscoveryClient    : Disable delta property : false
2026-01-26T11:07:41.015+05:30  INFO 12452 --- [user-service] [DiscoveryClient-CacheRefreshExecutor-%d] [                                                 ] com.netflix.discovery.DiscoveryClient    : Single vip registry refresh property : null
2026-01-26T11:07:41.015+05:30  INFO 12452 --- [user-service] [DiscoveryClient-CacheRefreshExecutor-%d] [                                                 ] com.netflix.discovery.DiscoveryClient    : Force full registry fetch : false
2026-01-26T11:07:41.015+05:30  INFO 12452 --- [user-service] [DiscoveryClient-CacheRefreshExecutor-%d] [                                                 ] com.netflix.discovery.DiscoveryClient    : Application is null : false
2026-01-26T11:07:41.016+05:30  INFO 12452 --- [user-service] [DiscoveryClient-CacheRefreshExecutor-%d] [                                                 ] com.netflix.discovery.DiscoveryClient    : Registered Applications size is zero : true
2026-01-26T11:07:41.016+05:30  INFO 12452 --- [user-service] [DiscoveryClient-CacheRefreshExecutor-%d] [                                                 ] com.netflix.discovery.DiscoveryClient    : Application version is -1: false
2026-01-26T11:07:41.016+05:30  INFO 12452 --- [user-service] [DiscoveryClient-CacheRefreshExecutor-%d] [                                                 ] com.netflix.discovery.DiscoveryClient    : Getting all instance registry info from the eureka server
2026-01-26T11:07:41.055+05:30  INFO 12452 --- [user-service] [DiscoveryClient-CacheRefreshExecutor-%d] [                                                 ] com.netflix.discovery.DiscoveryClient    : The response status is 200
2026-01-26T11:09:52.094+05:30  INFO 12452 --- [user-service] [http-nio-8082-exec-7] [6976fe27c452f67f5fcc52af46b1eafa-06cb8166b9904b88] c.e.user.controller.UserController       : The user id is 1
2026-01-26T11:09:52.100+05:30  INFO 12452 --- [user-service] [http-nio-8082-exec-7] [6976fe27c452f67f5fcc52af46b1eafa-06cb8166b9904b88] com.ecommerce.user.service.UserService   : Fetching user with id: 1
2026-01-26T11:10:29.070+05:30  INFO 12452 --- [user-service] [http-nio-8082-exec-10] [6976fe4da43505addaccfc96d63a0ebc-e8b1c7c9efcc53d7] c.e.user.controller.UserController       : The user id is 1
2026-01-26T11:10:29.071+05:30  INFO 12452 --- [user-service] [http-nio-8082-exec-10] [6976fe4da43505addaccfc96d63a0ebc-e8b1c7c9efcc53d7] com.ecommerce.user.service.UserService   : Fetching user with id: 1
2026-01-26T11:12:10.563+05:30  INFO 12452 --- [user-service] [AsyncResolver-bootstrap-executor-%d] [                                                 ] c.n.d.s.r.aws.ConfigClusterResolver      : Resolving eureka endpoints via configuration
